find_header: checking for sqlite3.h... -------------------- yes

"gcc -o conftest -I/home/johnnys/.rvm/rubies/ruby-2.0.0-p451/include/ruby-2.0.0/x86_64-linux -I/home/johnnys/.rvm/rubies/ruby-2.0.0-p451/include/ruby-2.0.0/ruby/backward -I/home/johnnys/.rvm/rubies/ruby-2.0.0-p451/include/ruby-2.0.0 -I.     -O3 -fno-fast-math -ggdb3 -Wall -Wextra -Wno-unused-parameter -Wno-parentheses -Wno-long-long -Wno-missing-field-initializers -Wunused-variable -Wpointer-arith -Wwrite-strings -Wdeclaration-after-statement -Wimplicit-function-declaration  -fPIC conftest.c  -L. -L/home/johnnys/.rvm/rubies/ruby-2.0.0-p451/lib -Wl,-R/home/johnnys/.rvm/rubies/ruby-2.0.0-p451/lib -L. -fstack-protector -rdynamic -Wl,-export-dynamic     -Wl,-R -Wl,/home/johnnys/.rvm/rubies/ruby-2.0.0-p451/lib -L/home/johnnys/.rvm/rubies/ruby-2.0.0-p451/lib -lruby  -lpthread -lrt -ldl -lcrypt -lm   -lc"
checked program was:
/* begin */
1: #include "ruby.h"
2: 
3: int main(int argc, char **argv)
4: {
5:   return 0;
6: }
/* end */

"gcc -E -I/home/johnnys/.rvm/rubies/ruby-2.0.0-p451/include/ruby-2.0.0/x86_64-linux -I/home/johnnys/.rvm/rubies/ruby-2.0.0-p451/include/ruby-2.0.0/ruby/backward -I/home/johnnys/.rvm/rubies/ruby-2.0.0-p451/include/ruby-2.0.0 -I.     -O3 -fno-fast-math -ggdb3 -Wall -Wextra -Wno-unused-parameter -Wno-parentheses -Wno-long-long -Wno-missing-field-initializers -Wunused-variable -Wpointer-arith -Wwrite-strings -Wdeclaration-after-statement -Wimplicit-function-declaration  -fPIC  conftest.c -o conftest.i"
checked program was:
/* begin */
1: #include "ruby.h"
2: 
3: #include <sqlite3.h>
/* end */

--------------------

find_library: checking for sqlite3_libversion_number() in -lsqlite3... -------------------- yes

"gcc -o conftest -I/home/johnnys/.rvm/rubies/ruby-2.0.0-p451/include/ruby-2.0.0/x86_64-linux -I/home/johnnys/.rvm/rubies/ruby-2.0.0-p451/include/ruby-2.0.0/ruby/backward -I/home/johnnys/.rvm/rubies/ruby-2.0.0-p451/include/ruby-2.0.0 -I.     -O3 -fno-fast-math -ggdb3 -Wall -Wextra -Wno-unused-parameter -Wno-parentheses -Wno-long-long -Wno-missing-field-initializers -Wunused-variable -Wpointer-arith -Wwrite-strings -Wdeclaration-after-statement -Wimplicit-function-declaration  -fPIC conftest.c  -L. -L/home/johnnys/.rvm/rubies/ruby-2.0.0-p451/lib -Wl,-R/home/johnnys/.rvm/rubies/ruby-2.0.0-p451/lib -L. -fstack-protector -rdynamic -Wl,-export-dynamic     -Wl,-R -Wl,/home/johnnys/.rvm/rubies/ruby-2.0.0-p451/lib -L/home/johnnys/.rvm/rubies/ruby-2.0.0-p451/lib -lruby -lsqlite3  -lpthread -lrt -ldl -lcrypt -lm   -lc"
conftest.c: In function ‘t’:
conftest.c:5:57: error: ‘sqlite3_libversion_number’ undeclared (first use in this function)
 int t(void) { void ((*volatile p)()); p = (void ((*)()))sqlite3_libversion_number; return 0; }
                                                         ^
conftest.c:5:57: note: each undeclared identifier is reported only once for each function it appears in
conftest.c:5:32: warning: variable ‘p’ set but not used [-Wunused-but-set-variable]
 int t(void) { void ((*volatile p)()); p = (void ((*)()))sqlite3_libversion_number; return 0; }
                                ^
checked program was:
/* begin */
 1: #include "ruby.h"
 2: 
 3: /*top*/
 4: extern int t(void);
 5: int t(void) { void ((*volatile p)()); p = (void ((*)()))sqlite3_libversion_number; return 0; }
 6: int main(int argc, char **argv)
 7: {
 8:   if (argc > 1000000) {
 9:     printf("%p", &t);
10:   }
11: 
12:   return 0;
13: }
/* end */

"gcc -o conftest -I/home/johnnys/.rvm/rubies/ruby-2.0.0-p451/include/ruby-2.0.0/x86_64-linux -I/home/johnnys/.rvm/rubies/ruby-2.0.0-p451/include/ruby-2.0.0/ruby/backward -I/home/johnnys/.rvm/rubies/ruby-2.0.0-p451/include/ruby-2.0.0 -I.     -O3 -fno-fast-math -ggdb3 -Wall -Wextra -Wno-unused-parameter -Wno-parentheses -Wno-long-long -Wno-missing-field-initializers -Wunused-variable -Wpointer-arith -Wwrite-strings -Wdeclaration-after-statement -Wimplicit-function-declaration  -fPIC conftest.c  -L. -L/home/johnnys/.rvm/rubies/ruby-2.0.0-p451/lib -Wl,-R/home/johnnys/.rvm/rubies/ruby-2.0.0-p451/lib -L. -fstack-protector -rdynamic -Wl,-export-dynamic     -Wl,-R -Wl,/home/johnnys/.rvm/rubies/ruby-2.0.0-p451/lib -L/home/johnnys/.rvm/rubies/ruby-2.0.0-p451/lib -lruby -lsqlite3  -lpthread -lrt -ldl -lcrypt -lm   -lc"
conftest.c: In function ‘t’:
conftest.c:5:1: warning: implicit declaration of function ‘sqlite3_libversion_number’ [-Wimplicit-function-declaration]
 int t(void) { sqlite3_libversion_number(); return 0; }
 ^
checked program was:
/* begin */
 1: #include "ruby.h"
 2: 
 3: /*top*/
 4: extern int t(void);
 5: int t(void) { sqlite3_libversion_number(); return 0; }
 6: int main(int argc, char **argv)
 7: {
 8:   if (argc > 1000000) {
 9:     printf("%p", &t);
10:   }
11: 
12:   return 0;
13: }
/* end */

--------------------

have_func: checking for rb_proc_arity()... -------------------- yes

"gcc -o conftest -I/home/johnnys/.rvm/rubies/ruby-2.0.0-p451/include/ruby-2.0.0/x86_64-linux -I/home/johnnys/.rvm/rubies/ruby-2.0.0-p451/include/ruby-2.0.0/ruby/backward -I/home/johnnys/.rvm/rubies/ruby-2.0.0-p451/include/ruby-2.0.0 -I.     -O3 -fno-fast-math -ggdb3 -Wall -Wextra -Wno-unused-parameter -Wno-parentheses -Wno-long-long -Wno-missing-field-initializers -Wunused-variable -Wpointer-arith -Wwrite-strings -Wdeclaration-after-statement -Wimplicit-function-declaration  -fPIC conftest.c  -L. -L/home/johnnys/.rvm/rubies/ruby-2.0.0-p451/lib -Wl,-R/home/johnnys/.rvm/rubies/ruby-2.0.0-p451/lib -L. -fstack-protector -rdynamic -Wl,-export-dynamic    -lsqlite3  -Wl,-R -Wl,/home/johnnys/.rvm/rubies/ruby-2.0.0-p451/lib -L/home/johnnys/.rvm/rubies/ruby-2.0.0-p451/lib -lruby -lsqlite3  -lpthread -lrt -ldl -lcrypt -lm   -lc"
conftest.c: In function ‘t’:
conftest.c:5:32: warning: variable ‘p’ set but not used [-Wunused-but-set-variable]
 int t(void) { void ((*volatile p)()); p = (void ((*)()))rb_proc_arity; return 0; }
                                ^
checked program was:
/* begin */
 1: #include "ruby.h"
 2: 
 3: /*top*/
 4: extern int t(void);
 5: int t(void) { void ((*volatile p)()); p = (void ((*)()))rb_proc_arity; return 0; }
 6: int main(int argc, char **argv)
 7: {
 8:   if (argc > 1000000) {
 9:     printf("%p", &t);
10:   }
11: 
12:   return 0;
13: }
/* end */

--------------------

have_func: checking for rb_integer_pack()... -------------------- no

"gcc -o conftest -I/home/johnnys/.rvm/rubies/ruby-2.0.0-p451/include/ruby-2.0.0/x86_64-linux -I/home/johnnys/.rvm/rubies/ruby-2.0.0-p451/include/ruby-2.0.0/ruby/backward -I/home/johnnys/.rvm/rubies/ruby-2.0.0-p451/include/ruby-2.0.0 -I.     -O3 -fno-fast-math -ggdb3 -Wall -Wextra -Wno-unused-parameter -Wno-parentheses -Wno-long-long -Wno-missing-field-initializers -Wunused-variable -Wpointer-arith -Wwrite-strings -Wdeclaration-after-statement -Wimplicit-function-declaration  -fPIC conftest.c  -L. -L/home/johnnys/.rvm/rubies/ruby-2.0.0-p451/lib -Wl,-R/home/johnnys/.rvm/rubies/ruby-2.0.0-p451/lib -L. -fstack-protector -rdynamic -Wl,-export-dynamic    -lsqlite3  -Wl,-R -Wl,/home/johnnys/.rvm/rubies/ruby-2.0.0-p451/lib -L/home/johnnys/.rvm/rubies/ruby-2.0.0-p451/lib -lruby -lsqlite3  -lpthread -lrt -ldl -lcrypt -lm   -lc"
conftest.c: In function ‘t’:
conftest.c:5:57: error: ‘rb_integer_pack’ undeclared (first use in this function)
 int t(void) { void ((*volatile p)()); p = (void ((*)()))rb_integer_pack; return 0; }
                                                         ^
conftest.c:5:57: note: each undeclared identifier is reported only once for each function it appears in
conftest.c:5:32: warning: variable ‘p’ set but not used [-Wunused-but-set-variable]
 int t(void) { void ((*volatile p)()); p = (void ((*)()))rb_integer_pack; return 0; }
                                ^
checked program was:
/* begin */
 1: #include "ruby.h"
 2: 
 3: /*top*/
 4: extern int t(void);
 5: int t(void) { void ((*volatile p)()); p = (void ((*)()))rb_integer_pack; return 0; }
 6: int main(int argc, char **argv)
 7: {
 8:   if (argc > 1000000) {
 9:     printf("%p", &t);
10:   }
11: 
12:   return 0;
13: }
/* end */

"gcc -o conftest -I/home/johnnys/.rvm/rubies/ruby-2.0.0-p451/include/ruby-2.0.0/x86_64-linux -I/home/johnnys/.rvm/rubies/ruby-2.0.0-p451/include/ruby-2.0.0/ruby/backward -I/home/johnnys/.rvm/rubies/ruby-2.0.0-p451/include/ruby-2.0.0 -I.     -O3 -fno-fast-math -ggdb3 -Wall -Wextra -Wno-unused-parameter -Wno-parentheses -Wno-long-long -Wno-missing-field-initializers -Wunused-variable -Wpointer-arith -Wwrite-strings -Wdeclaration-after-statement -Wimplicit-function-declaration  -fPIC conftest.c  -L. -L/home/johnnys/.rvm/rubies/ruby-2.0.0-p451/lib -Wl,-R/home/johnnys/.rvm/rubies/ruby-2.0.0-p451/lib -L. -fstack-protector -rdynamic -Wl,-export-dynamic    -lsqlite3  -Wl,-R -Wl,/home/johnnys/.rvm/rubies/ruby-2.0.0-p451/lib -L/home/johnnys/.rvm/rubies/ruby-2.0.0-p451/lib -lruby -lsqlite3  -lpthread -lrt -ldl -lcrypt -lm   -lc"
conftest.c: In function ‘t’:
conftest.c:5:1: warning: implicit declaration of function ‘rb_integer_pack’ [-Wimplicit-function-declaration]
 int t(void) { rb_integer_pack(); return 0; }
 ^
/tmp/cckAI4yf.o: In function `t':
/home/johnnys/MyProjects/fibonacci_salad/vendor/bundle/ruby/2.0.0/gems/sqlite3-1.3.9/ext/sqlite3/conftest.c:5: undefined reference to `rb_integer_pack'
collect2: error: ld returned 1 exit status
checked program was:
/* begin */
 1: #include "ruby.h"
 2: 
 3: /*top*/
 4: extern int t(void);
 5: int t(void) { rb_integer_pack(); return 0; }
 6: int main(int argc, char **argv)
 7: {
 8:   if (argc > 1000000) {
 9:     printf("%p", &t);
10:   }
11: 
12:   return 0;
13: }
/* end */

--------------------

have_func: checking for sqlite3_initialize()... -------------------- yes

"gcc -o conftest -I/home/johnnys/.rvm/rubies/ruby-2.0.0-p451/include/ruby-2.0.0/x86_64-linux -I/home/johnnys/.rvm/rubies/ruby-2.0.0-p451/include/ruby-2.0.0/ruby/backward -I/home/johnnys/.rvm/rubies/ruby-2.0.0-p451/include/ruby-2.0.0 -I.     -O3 -fno-fast-math -ggdb3 -Wall -Wextra -Wno-unused-parameter -Wno-parentheses -Wno-long-long -Wno-missing-field-initializers -Wunused-variable -Wpointer-arith -Wwrite-strings -Wdeclaration-after-statement -Wimplicit-function-declaration  -fPIC conftest.c  -L. -L/home/johnnys/.rvm/rubies/ruby-2.0.0-p451/lib -Wl,-R/home/johnnys/.rvm/rubies/ruby-2.0.0-p451/lib -L. -fstack-protector -rdynamic -Wl,-export-dynamic    -lsqlite3  -Wl,-R -Wl,/home/johnnys/.rvm/rubies/ruby-2.0.0-p451/lib -L/home/johnnys/.rvm/rubies/ruby-2.0.0-p451/lib -lruby -lsqlite3  -lpthread -lrt -ldl -lcrypt -lm   -lc"
conftest.c: In function ‘t’:
conftest.c:5:57: error: ‘sqlite3_initialize’ undeclared (first use in this function)
 int t(void) { void ((*volatile p)()); p = (void ((*)()))sqlite3_initialize; return 0; }
                                                         ^
conftest.c:5:57: note: each undeclared identifier is reported only once for each function it appears in
conftest.c:5:32: warning: variable ‘p’ set but not used [-Wunused-but-set-variable]
 int t(void) { void ((*volatile p)()); p = (void ((*)()))sqlite3_initialize; return 0; }
                                ^
checked program was:
/* begin */
 1: #include "ruby.h"
 2: 
 3: /*top*/
 4: extern int t(void);
 5: int t(void) { void ((*volatile p)()); p = (void ((*)()))sqlite3_initialize; return 0; }
 6: int main(int argc, char **argv)
 7: {
 8:   if (argc > 1000000) {
 9:     printf("%p", &t);
10:   }
11: 
12:   return 0;
13: }
/* end */

"gcc -o conftest -I/home/johnnys/.rvm/rubies/ruby-2.0.0-p451/include/ruby-2.0.0/x86_64-linux -I/home/johnnys/.rvm/rubies/ruby-2.0.0-p451/include/ruby-2.0.0/ruby/backward -I/home/johnnys/.rvm/rubies/ruby-2.0.0-p451/include/ruby-2.0.0 -I.     -O3 -fno-fast-math -ggdb3 -Wall -Wextra -Wno-unused-parameter -Wno-parentheses -Wno-long-long -Wno-missing-field-initializers -Wunused-variable -Wpointer-arith -Wwrite-strings -Wdeclaration-after-statement -Wimplicit-function-declaration  -fPIC conftest.c  -L. -L/home/johnnys/.rvm/rubies/ruby-2.0.0-p451/lib -Wl,-R/home/johnnys/.rvm/rubies/ruby-2.0.0-p451/lib -L. -fstack-protector -rdynamic -Wl,-export-dynamic    -lsqlite3  -Wl,-R -Wl,/home/johnnys/.rvm/rubies/ruby-2.0.0-p451/lib -L/home/johnnys/.rvm/rubies/ruby-2.0.0-p451/lib -lruby -lsqlite3  -lpthread -lrt -ldl -lcrypt -lm   -lc"
conftest.c: In function ‘t’:
conftest.c:5:1: warning: implicit declaration of function ‘sqlite3_initialize’ [-Wimplicit-function-declaration]
 int t(void) { sqlite3_initialize(); return 0; }
 ^
checked program was:
/* begin */
 1: #include "ruby.h"
 2: 
 3: /*top*/
 4: extern int t(void);
 5: int t(void) { sqlite3_initialize(); return 0; }
 6: int main(int argc, char **argv)
 7: {
 8:   if (argc > 1000000) {
 9:     printf("%p", &t);
10:   }
11: 
12:   return 0;
13: }
/* end */

--------------------

have_func: checking for sqlite3_backup_init()... -------------------- yes

"gcc -o conftest -I/home/johnnys/.rvm/rubies/ruby-2.0.0-p451/include/ruby-2.0.0/x86_64-linux -I/home/johnnys/.rvm/rubies/ruby-2.0.0-p451/include/ruby-2.0.0/ruby/backward -I/home/johnnys/.rvm/rubies/ruby-2.0.0-p451/include/ruby-2.0.0 -I.     -O3 -fno-fast-math -ggdb3 -Wall -Wextra -Wno-unused-parameter -Wno-parentheses -Wno-long-long -Wno-missing-field-initializers -Wunused-variable -Wpointer-arith -Wwrite-strings -Wdeclaration-after-statement -Wimplicit-function-declaration  -fPIC conftest.c  -L. -L/home/johnnys/.rvm/rubies/ruby-2.0.0-p451/lib -Wl,-R/home/johnnys/.rvm/rubies/ruby-2.0.0-p451/lib -L. -fstack-protector -rdynamic -Wl,-export-dynamic    -lsqlite3  -Wl,-R -Wl,/home/johnnys/.rvm/rubies/ruby-2.0.0-p451/lib -L/home/johnnys/.rvm/rubies/ruby-2.0.0-p451/lib -lruby -lsqlite3  -lpthread -lrt -ldl -lcrypt -lm   -lc"
conftest.c: In function ‘t’:
conftest.c:5:57: error: ‘sqlite3_backup_init’ undeclared (first use in this function)
 int t(void) { void ((*volatile p)()); p = (void ((*)()))sqlite3_backup_init; return 0; }
                                                         ^
conftest.c:5:57: note: each undeclared identifier is reported only once for each function it appears in
conftest.c:5:32: warning: variable ‘p’ set but not used [-Wunused-but-set-variable]
 int t(void) { void ((*volatile p)()); p = (void ((*)()))sqlite3_backup_init; return 0; }
                                ^
checked program was:
/* begin */
 1: #include "ruby.h"
 2: 
 3: /*top*/
 4: extern int t(void);
 5: int t(void) { void ((*volatile p)()); p = (void ((*)()))sqlite3_backup_init; return 0; }
 6: int main(int argc, char **argv)
 7: {
 8:   if (argc > 1000000) {
 9:     printf("%p", &t);
10:   }
11: 
12:   return 0;
13: }
/* end */

"gcc -o conftest -I/home/johnnys/.rvm/rubies/ruby-2.0.0-p451/include/ruby-2.0.0/x86_64-linux -I/home/johnnys/.rvm/rubies/ruby-2.0.0-p451/include/ruby-2.0.0/ruby/backward -I/home/johnnys/.rvm/rubies/ruby-2.0.0-p451/include/ruby-2.0.0 -I.     -O3 -fno-fast-math -ggdb3 -Wall -Wextra -Wno-unused-parameter -Wno-parentheses -Wno-long-long -Wno-missing-field-initializers -Wunused-variable -Wpointer-arith -Wwrite-strings -Wdeclaration-after-statement -Wimplicit-function-declaration  -fPIC conftest.c  -L. -L/home/johnnys/.rvm/rubies/ruby-2.0.0-p451/lib -Wl,-R/home/johnnys/.rvm/rubies/ruby-2.0.0-p451/lib -L. -fstack-protector -rdynamic -Wl,-export-dynamic    -lsqlite3  -Wl,-R -Wl,/home/johnnys/.rvm/rubies/ruby-2.0.0-p451/lib -L/home/johnnys/.rvm/rubies/ruby-2.0.0-p451/lib -lruby -lsqlite3  -lpthread -lrt -ldl -lcrypt -lm   -lc"
conftest.c: In function ‘t’:
conftest.c:5:1: warning: implicit declaration of function ‘sqlite3_backup_init’ [-Wimplicit-function-declaration]
 int t(void) { sqlite3_backup_init(); return 0; }
 ^
checked program was:
/* begin */
 1: #include "ruby.h"
 2: 
 3: /*top*/
 4: extern int t(void);
 5: int t(void) { sqlite3_backup_init(); return 0; }
 6: int main(int argc, char **argv)
 7: {
 8:   if (argc > 1000000) {
 9:     printf("%p", &t);
10:   }
11: 
12:   return 0;
13: }
/* end */

--------------------

have_func: checking for sqlite3_column_database_name()... -------------------- yes

"gcc -o conftest -I/home/johnnys/.rvm/rubies/ruby-2.0.0-p451/include/ruby-2.0.0/x86_64-linux -I/home/johnnys/.rvm/rubies/ruby-2.0.0-p451/include/ruby-2.0.0/ruby/backward -I/home/johnnys/.rvm/rubies/ruby-2.0.0-p451/include/ruby-2.0.0 -I.     -O3 -fno-fast-math -ggdb3 -Wall -Wextra -Wno-unused-parameter -Wno-parentheses -Wno-long-long -Wno-missing-field-initializers -Wunused-variable -Wpointer-arith -Wwrite-strings -Wdeclaration-after-statement -Wimplicit-function-declaration  -fPIC conftest.c  -L. -L/home/johnnys/.rvm/rubies/ruby-2.0.0-p451/lib -Wl,-R/home/johnnys/.rvm/rubies/ruby-2.0.0-p451/lib -L. -fstack-protector -rdynamic -Wl,-export-dynamic    -lsqlite3  -Wl,-R -Wl,/home/johnnys/.rvm/rubies/ruby-2.0.0-p451/lib -L/home/johnnys/.rvm/rubies/ruby-2.0.0-p451/lib -lruby -lsqlite3  -lpthread -lrt -ldl -lcrypt -lm   -lc"
conftest.c: In function ‘t’:
conftest.c:5:57: error: ‘sqlite3_column_database_name’ undeclared (first use in this function)
 int t(void) { void ((*volatile p)()); p = (void ((*)()))sqlite3_column_database_name; return 0; }
                                                         ^
conftest.c:5:57: note: each undeclared identifier is reported only once for each function it appears in
conftest.c:5:32: warning: variable ‘p’ set but not used [-Wunused-but-set-variable]
 int t(void) { void ((*volatile p)()); p = (void ((*)()))sqlite3_column_database_name; return 0; }
                                ^
checked program was:
/* begin */
 1: #include "ruby.h"
 2: 
 3: /*top*/
 4: extern int t(void);
 5: int t(void) { void ((*volatile p)()); p = (void ((*)()))sqlite3_column_database_name; return 0; }
 6: int main(int argc, char **argv)
 7: {
 8:   if (argc > 1000000) {
 9:     printf("%p", &t);
10:   }
11: 
12:   return 0;
13: }
/* end */

"gcc -o conftest -I/home/johnnys/.rvm/rubies/ruby-2.0.0-p451/include/ruby-2.0.0/x86_64-linux -I/home/johnnys/.rvm/rubies/ruby-2.0.0-p451/include/ruby-2.0.0/ruby/backward -I/home/johnnys/.rvm/rubies/ruby-2.0.0-p451/include/ruby-2.0.0 -I.     -O3 -fno-fast-math -ggdb3 -Wall -Wextra -Wno-unused-parameter -Wno-parentheses -Wno-long-long -Wno-missing-field-initializers -Wunused-variable -Wpointer-arith -Wwrite-strings -Wdeclaration-after-statement -Wimplicit-function-declaration  -fPIC conftest.c  -L. -L/home/johnnys/.rvm/rubies/ruby-2.0.0-p451/lib -Wl,-R/home/johnnys/.rvm/rubies/ruby-2.0.0-p451/lib -L. -fstack-protector -rdynamic -Wl,-export-dynamic    -lsqlite3  -Wl,-R -Wl,/home/johnnys/.rvm/rubies/ruby-2.0.0-p451/lib -L/home/johnnys/.rvm/rubies/ruby-2.0.0-p451/lib -lruby -lsqlite3  -lpthread -lrt -ldl -lcrypt -lm   -lc"
conftest.c: In function ‘t’:
conftest.c:5:1: warning: implicit declaration of function ‘sqlite3_column_database_name’ [-Wimplicit-function-declaration]
 int t(void) { sqlite3_column_database_name(); return 0; }
 ^
checked program was:
/* begin */
 1: #include "ruby.h"
 2: 
 3: /*top*/
 4: extern int t(void);
 5: int t(void) { sqlite3_column_database_name(); return 0; }
 6: int main(int argc, char **argv)
 7: {
 8:   if (argc > 1000000) {
 9:     printf("%p", &t);
10:   }
11: 
12:   return 0;
13: }
/* end */

--------------------

have_func: checking for sqlite3_enable_load_extension()... -------------------- yes

"gcc -o conftest -I/home/johnnys/.rvm/rubies/ruby-2.0.0-p451/include/ruby-2.0.0/x86_64-linux -I/home/johnnys/.rvm/rubies/ruby-2.0.0-p451/include/ruby-2.0.0/ruby/backward -I/home/johnnys/.rvm/rubies/ruby-2.0.0-p451/include/ruby-2.0.0 -I.     -O3 -fno-fast-math -ggdb3 -Wall -Wextra -Wno-unused-parameter -Wno-parentheses -Wno-long-long -Wno-missing-field-initializers -Wunused-variable -Wpointer-arith -Wwrite-strings -Wdeclaration-after-statement -Wimplicit-function-declaration  -fPIC conftest.c  -L. -L/home/johnnys/.rvm/rubies/ruby-2.0.0-p451/lib -Wl,-R/home/johnnys/.rvm/rubies/ruby-2.0.0-p451/lib -L. -fstack-protector -rdynamic -Wl,-export-dynamic    -lsqlite3  -Wl,-R -Wl,/home/johnnys/.rvm/rubies/ruby-2.0.0-p451/lib -L/home/johnnys/.rvm/rubies/ruby-2.0.0-p451/lib -lruby -lsqlite3  -lpthread -lrt -ldl -lcrypt -lm   -lc"
conftest.c: In function ‘t’:
conftest.c:5:57: error: ‘sqlite3_enable_load_extension’ undeclared (first use in this function)
 int t(void) { void ((*volatile p)()); p = (void ((*)()))sqlite3_enable_load_extension; return 0; }
                                                         ^
conftest.c:5:57: note: each undeclared identifier is reported only once for each function it appears in
conftest.c:5:32: warning: variable ‘p’ set but not used [-Wunused-but-set-variable]
 int t(void) { void ((*volatile p)()); p = (void ((*)()))sqlite3_enable_load_extension; return 0; }
                                ^
checked program was:
/* begin */
 1: #include "ruby.h"
 2: 
 3: /*top*/
 4: extern int t(void);
 5: int t(void) { void ((*volatile p)()); p = (void ((*)()))sqlite3_enable_load_extension; return 0; }
 6: int main(int argc, char **argv)
 7: {
 8:   if (argc > 1000000) {
 9:     printf("%p", &t);
10:   }
11: 
12:   return 0;
13: }
/* end */

"gcc -o conftest -I/home/johnnys/.rvm/rubies/ruby-2.0.0-p451/include/ruby-2.0.0/x86_64-linux -I/home/johnnys/.rvm/rubies/ruby-2.0.0-p451/include/ruby-2.0.0/ruby/backward -I/home/johnnys/.rvm/rubies/ruby-2.0.0-p451/include/ruby-2.0.0 -I.     -O3 -fno-fast-math -ggdb3 -Wall -Wextra -Wno-unused-parameter -Wno-parentheses -Wno-long-long -Wno-missing-field-initializers -Wunused-variable -Wpointer-arith -Wwrite-strings -Wdeclaration-after-statement -Wimplicit-function-declaration  -fPIC conftest.c  -L. -L/home/johnnys/.rvm/rubies/ruby-2.0.0-p451/lib -Wl,-R/home/johnnys/.rvm/rubies/ruby-2.0.0-p451/lib -L. -fstack-protector -rdynamic -Wl,-export-dynamic    -lsqlite3  -Wl,-R -Wl,/home/johnnys/.rvm/rubies/ruby-2.0.0-p451/lib -L/home/johnnys/.rvm/rubies/ruby-2.0.0-p451/lib -lruby -lsqlite3  -lpthread -lrt -ldl -lcrypt -lm   -lc"
conftest.c: In function ‘t’:
conftest.c:5:1: warning: implicit declaration of function ‘sqlite3_enable_load_extension’ [-Wimplicit-function-declaration]
 int t(void) { sqlite3_enable_load_extension(); return 0; }
 ^
checked program was:
/* begin */
 1: #include "ruby.h"
 2: 
 3: /*top*/
 4: extern int t(void);
 5: int t(void) { sqlite3_enable_load_extension(); return 0; }
 6: int main(int argc, char **argv)
 7: {
 8:   if (argc > 1000000) {
 9:     printf("%p", &t);
10:   }
11: 
12:   return 0;
13: }
/* end */

--------------------

have_func: checking for sqlite3_load_extension()... -------------------- yes

"gcc -o conftest -I/home/johnnys/.rvm/rubies/ruby-2.0.0-p451/include/ruby-2.0.0/x86_64-linux -I/home/johnnys/.rvm/rubies/ruby-2.0.0-p451/include/ruby-2.0.0/ruby/backward -I/home/johnnys/.rvm/rubies/ruby-2.0.0-p451/include/ruby-2.0.0 -I.     -O3 -fno-fast-math -ggdb3 -Wall -Wextra -Wno-unused-parameter -Wno-parentheses -Wno-long-long -Wno-missing-field-initializers -Wunused-variable -Wpointer-arith -Wwrite-strings -Wdeclaration-after-statement -Wimplicit-function-declaration  -fPIC conftest.c  -L. -L/home/johnnys/.rvm/rubies/ruby-2.0.0-p451/lib -Wl,-R/home/johnnys/.rvm/rubies/ruby-2.0.0-p451/lib -L. -fstack-protector -rdynamic -Wl,-export-dynamic    -lsqlite3  -Wl,-R -Wl,/home/johnnys/.rvm/rubies/ruby-2.0.0-p451/lib -L/home/johnnys/.rvm/rubies/ruby-2.0.0-p451/lib -lruby -lsqlite3  -lpthread -lrt -ldl -lcrypt -lm   -lc"
conftest.c: In function ‘t’:
conftest.c:5:57: error: ‘sqlite3_load_extension’ undeclared (first use in this function)
 int t(void) { void ((*volatile p)()); p = (void ((*)()))sqlite3_load_extension; return 0; }
                                                         ^
conftest.c:5:57: note: each undeclared identifier is reported only once for each function it appears in
conftest.c:5:32: warning: variable ‘p’ set but not used [-Wunused-but-set-variable]
 int t(void) { void ((*volatile p)()); p = (void ((*)()))sqlite3_load_extension; return 0; }
                                ^
checked program was:
/* begin */
 1: #include "ruby.h"
 2: 
 3: /*top*/
 4: extern int t(void);
 5: int t(void) { void ((*volatile p)()); p = (void ((*)()))sqlite3_load_extension; return 0; }
 6: int main(int argc, char **argv)
 7: {
 8:   if (argc > 1000000) {
 9:     printf("%p", &t);
10:   }
11: 
12:   return 0;
13: }
/* end */

"gcc -o conftest -I/home/johnnys/.rvm/rubies/ruby-2.0.0-p451/include/ruby-2.0.0/x86_64-linux -I/home/johnnys/.rvm/rubies/ruby-2.0.0-p451/include/ruby-2.0.0/ruby/backward -I/home/johnnys/.rvm/rubies/ruby-2.0.0-p451/include/ruby-2.0.0 -I.     -O3 -fno-fast-math -ggdb3 -Wall -Wextra -Wno-unused-parameter -Wno-parentheses -Wno-long-long -Wno-missing-field-initializers -Wunused-variable -Wpointer-arith -Wwrite-strings -Wdeclaration-after-statement -Wimplicit-function-declaration  -fPIC conftest.c  -L. -L/home/johnnys/.rvm/rubies/ruby-2.0.0-p451/lib -Wl,-R/home/johnnys/.rvm/rubies/ruby-2.0.0-p451/lib -L. -fstack-protector -rdynamic -Wl,-export-dynamic    -lsqlite3  -Wl,-R -Wl,/home/johnnys/.rvm/rubies/ruby-2.0.0-p451/lib -L/home/johnnys/.rvm/rubies/ruby-2.0.0-p451/lib -lruby -lsqlite3  -lpthread -lrt -ldl -lcrypt -lm   -lc"
conftest.c: In function ‘t’:
conftest.c:5:1: warning: implicit declaration of function ‘sqlite3_load_extension’ [-Wimplicit-function-declaration]
 int t(void) { sqlite3_load_extension(); return 0; }
 ^
checked program was:
/* begin */
 1: #include "ruby.h"
 2: 
 3: /*top*/
 4: extern int t(void);
 5: int t(void) { sqlite3_load_extension(); return 0; }
 6: int main(int argc, char **argv)
 7: {
 8:   if (argc > 1000000) {
 9:     printf("%p", &t);
10:   }
11: 
12:   return 0;
13: }
/* end */

--------------------

have_func: checking for sqlite3_open_v2()... -------------------- yes

"gcc -o conftest -I/home/johnnys/.rvm/rubies/ruby-2.0.0-p451/include/ruby-2.0.0/x86_64-linux -I/home/johnnys/.rvm/rubies/ruby-2.0.0-p451/include/ruby-2.0.0/ruby/backward -I/home/johnnys/.rvm/rubies/ruby-2.0.0-p451/include/ruby-2.0.0 -I.     -O3 -fno-fast-math -ggdb3 -Wall -Wextra -Wno-unused-parameter -Wno-parentheses -Wno-long-long -Wno-missing-field-initializers -Wunused-variable -Wpointer-arith -Wwrite-strings -Wdeclaration-after-statement -Wimplicit-function-declaration  -fPIC conftest.c  -L. -L/home/johnnys/.rvm/rubies/ruby-2.0.0-p451/lib -Wl,-R/home/johnnys/.rvm/rubies/ruby-2.0.0-p451/lib -L. -fstack-protector -rdynamic -Wl,-export-dynamic    -lsqlite3  -Wl,-R -Wl,/home/johnnys/.rvm/rubies/ruby-2.0.0-p451/lib -L/home/johnnys/.rvm/rubies/ruby-2.0.0-p451/lib -lruby -lsqlite3  -lpthread -lrt -ldl -lcrypt -lm   -lc"
conftest.c: In function ‘t’:
conftest.c:5:57: error: ‘sqlite3_open_v2’ undeclared (first use in this function)
 int t(void) { void ((*volatile p)()); p = (void ((*)()))sqlite3_open_v2; return 0; }
                                                         ^
conftest.c:5:57: note: each undeclared identifier is reported only once for each function it appears in
conftest.c:5:32: warning: variable ‘p’ set but not used [-Wunused-but-set-variable]
 int t(void) { void ((*volatile p)()); p = (void ((*)()))sqlite3_open_v2; return 0; }
                                ^
checked program was:
/* begin */
 1: #include "ruby.h"
 2: 
 3: /*top*/
 4: extern int t(void);
 5: int t(void) { void ((*volatile p)()); p = (void ((*)()))sqlite3_open_v2; return 0; }
 6: int main(int argc, char **argv)
 7: {
 8:   if (argc > 1000000) {
 9:     printf("%p", &t);
10:   }
11: 
12:   return 0;
13: }
/* end */

"gcc -o conftest -I/home/johnnys/.rvm/rubies/ruby-2.0.0-p451/include/ruby-2.0.0/x86_64-linux -I/home/johnnys/.rvm/rubies/ruby-2.0.0-p451/include/ruby-2.0.0/ruby/backward -I/home/johnnys/.rvm/rubies/ruby-2.0.0-p451/include/ruby-2.0.0 -I.     -O3 -fno-fast-math -ggdb3 -Wall -Wextra -Wno-unused-parameter -Wno-parentheses -Wno-long-long -Wno-missing-field-initializers -Wunused-variable -Wpointer-arith -Wwrite-strings -Wdeclaration-after-statement -Wimplicit-function-declaration  -fPIC conftest.c  -L. -L/home/johnnys/.rvm/rubies/ruby-2.0.0-p451/lib -Wl,-R/home/johnnys/.rvm/rubies/ruby-2.0.0-p451/lib -L. -fstack-protector -rdynamic -Wl,-export-dynamic    -lsqlite3  -Wl,-R -Wl,/home/johnnys/.rvm/rubies/ruby-2.0.0-p451/lib -L/home/johnnys/.rvm/rubies/ruby-2.0.0-p451/lib -lruby -lsqlite3  -lpthread -lrt -ldl -lcrypt -lm   -lc"
conftest.c: In function ‘t’:
conftest.c:5:1: warning: implicit declaration of function ‘sqlite3_open_v2’ [-Wimplicit-function-declaration]
 int t(void) { sqlite3_open_v2(); return 0; }
 ^
checked program was:
/* begin */
 1: #include "ruby.h"
 2: 
 3: /*top*/
 4: extern int t(void);
 5: int t(void) { sqlite3_open_v2(); return 0; }
 6: int main(int argc, char **argv)
 7: {
 8:   if (argc > 1000000) {
 9:     printf("%p", &t);
10:   }
11: 
12:   return 0;
13: }
/* end */

--------------------

have_func: checking for sqlite3_prepare_v2()... -------------------- yes

"gcc -o conftest -I/home/johnnys/.rvm/rubies/ruby-2.0.0-p451/include/ruby-2.0.0/x86_64-linux -I/home/johnnys/.rvm/rubies/ruby-2.0.0-p451/include/ruby-2.0.0/ruby/backward -I/home/johnnys/.rvm/rubies/ruby-2.0.0-p451/include/ruby-2.0.0 -I.     -O3 -fno-fast-math -ggdb3 -Wall -Wextra -Wno-unused-parameter -Wno-parentheses -Wno-long-long -Wno-missing-field-initializers -Wunused-variable -Wpointer-arith -Wwrite-strings -Wdeclaration-after-statement -Wimplicit-function-declaration  -fPIC conftest.c  -L. -L/home/johnnys/.rvm/rubies/ruby-2.0.0-p451/lib -Wl,-R/home/johnnys/.rvm/rubies/ruby-2.0.0-p451/lib -L. -fstack-protector -rdynamic -Wl,-export-dynamic    -lsqlite3  -Wl,-R -Wl,/home/johnnys/.rvm/rubies/ruby-2.0.0-p451/lib -L/home/johnnys/.rvm/rubies/ruby-2.0.0-p451/lib -lruby -lsqlite3  -lpthread -lrt -ldl -lcrypt -lm   -lc"
conftest.c: In function ‘t’:
conftest.c:5:57: error: ‘sqlite3_prepare_v2’ undeclared (first use in this function)
 int t(void) { void ((*volatile p)()); p = (void ((*)()))sqlite3_prepare_v2; return 0; }
                                                         ^
conftest.c:5:57: note: each undeclared identifier is reported only once for each function it appears in
conftest.c:5:32: warning: variable ‘p’ set but not used [-Wunused-but-set-variable]
 int t(void) { void ((*volatile p)()); p = (void ((*)()))sqlite3_prepare_v2; return 0; }
                                ^
checked program was:
/* begin */
 1: #include "ruby.h"
 2: 
 3: /*top*/
 4: extern int t(void);
 5: int t(void) { void ((*volatile p)()); p = (void ((*)()))sqlite3_prepare_v2; return 0; }
 6: int main(int argc, char **argv)
 7: {
 8:   if (argc > 1000000) {
 9:     printf("%p", &t);
10:   }
11: 
12:   return 0;
13: }
/* end */

"gcc -o conftest -I/home/johnnys/.rvm/rubies/ruby-2.0.0-p451/include/ruby-2.0.0/x86_64-linux -I/home/johnnys/.rvm/rubies/ruby-2.0.0-p451/include/ruby-2.0.0/ruby/backward -I/home/johnnys/.rvm/rubies/ruby-2.0.0-p451/include/ruby-2.0.0 -I.     -O3 -fno-fast-math -ggdb3 -Wall -Wextra -Wno-unused-parameter -Wno-parentheses -Wno-long-long -Wno-missing-field-initializers -Wunused-variable -Wpointer-arith -Wwrite-strings -Wdeclaration-after-statement -Wimplicit-function-declaration  -fPIC conftest.c  -L. -L/home/johnnys/.rvm/rubies/ruby-2.0.0-p451/lib -Wl,-R/home/johnnys/.rvm/rubies/ruby-2.0.0-p451/lib -L. -fstack-protector -rdynamic -Wl,-export-dynamic    -lsqlite3  -Wl,-R -Wl,/home/johnnys/.rvm/rubies/ruby-2.0.0-p451/lib -L/home/johnnys/.rvm/rubies/ruby-2.0.0-p451/lib -lruby -lsqlite3  -lpthread -lrt -ldl -lcrypt -lm   -lc"
conftest.c: In function ‘t’:
conftest.c:5:1: warning: implicit declaration of function ‘sqlite3_prepare_v2’ [-Wimplicit-function-declaration]
 int t(void) { sqlite3_prepare_v2(); return 0; }
 ^
checked program was:
/* begin */
 1: #include "ruby.h"
 2: 
 3: /*top*/
 4: extern int t(void);
 5: int t(void) { sqlite3_prepare_v2(); return 0; }
 6: int main(int argc, char **argv)
 7: {
 8:   if (argc > 1000000) {
 9:     printf("%p", &t);
10:   }
11: 
12:   return 0;
13: }
/* end */

--------------------

have_type: checking for sqlite3_int64 in sqlite3.h... -------------------- yes

"gcc -I/home/johnnys/.rvm/rubies/ruby-2.0.0-p451/include/ruby-2.0.0/x86_64-linux -I/home/johnnys/.rvm/rubies/ruby-2.0.0-p451/include/ruby-2.0.0/ruby/backward -I/home/johnnys/.rvm/rubies/ruby-2.0.0-p451/include/ruby-2.0.0 -I.     -O3 -fno-fast-math -ggdb3 -Wall -Wextra -Wno-unused-parameter -Wno-parentheses -Wno-long-long -Wno-missing-field-initializers -Wunused-variable -Wpointer-arith -Wwrite-strings -Wdeclaration-after-statement -Wimplicit-function-declaration  -fPIC   -c conftest.c"
checked program was:
/* begin */
1: #include "ruby.h"
2: 
3: #include <sqlite3.h>
4: 
5: /*top*/
6: typedef sqlite3_int64 conftest_type;
7: int conftestval[sizeof(conftest_type)?1:-1];
/* end */

--------------------

have_type: checking for sqlite3_uint64 in sqlite3.h... -------------------- yes

"gcc -I/home/johnnys/.rvm/rubies/ruby-2.0.0-p451/include/ruby-2.0.0/x86_64-linux -I/home/johnnys/.rvm/rubies/ruby-2.0.0-p451/include/ruby-2.0.0/ruby/backward -I/home/johnnys/.rvm/rubies/ruby-2.0.0-p451/include/ruby-2.0.0 -I.     -O3 -fno-fast-math -ggdb3 -Wall -Wextra -Wno-unused-parameter -Wno-parentheses -Wno-long-long -Wno-missing-field-initializers -Wunused-variable -Wpointer-arith -Wwrite-strings -Wdeclaration-after-statement -Wimplicit-function-declaration  -fPIC   -c conftest.c"
checked program was:
/* begin */
1: #include "ruby.h"
2: 
3: #include <sqlite3.h>
4: 
5: /*top*/
6: typedef sqlite3_uint64 conftest_type;
7: int conftestval[sizeof(conftest_type)?1:-1];
/* end */

--------------------

